[SLOW DB] 254ms params=2 sql="SELECT * FROM attendance_cancellations WHERE schedule_id = $1 AND date = $2"
[SLOW DB] 256ms params=2 sql="SELECT id FROM staff WHERE id = $1 OR profile_id = $1 OR email = $2 LIMIT 1"
[SLOW DB] 255ms params=2 sql="SELECT id FROM attendance_schedules WHERE id = $1 AND academic_year_id = $2"
[SLOW DB] 256ms params=2 sql="SELECT a.id, a.name, a.standards, a.class_type, a.start_time, a.end_time, a.academic_year_id, a.mentor_id, COALESCE(( SELECT jsonb_agg( jsonb_build_object( 'id', ag.id, 'department', ag.department, 'standard', ag.standar"
[SLOW API] GET /api/attendance/marks 304 701.0ms
[SLOW DB] 309ms params=3 sql="SELECT DISTINCT ON (sl.student_id) sl.student_id, sl.start_datetime, sl.end_datetime, sl.actual_return_datetime, sl.status FROM student_leaves sl WHERE sl.student_id = ANY($1::text[]) AND sl.start_datetime < $3::timestam"
[SLOW API] GET /api/attendance/students 304 1221.6ms
[SLOW DB] 297ms params=2 sql="SELECT a.id, a.name, a.standards, a.class_type, a.start_time, a.end_time, a.academic_year_id, a.mentor_id, COALESCE(( SELECT jsonb_agg( jsonb_build_object( 'id', ag.id, 'department', ag.department, 'standard', ag.standar"
[SLOW DB] 310ms params=3 sql="WITH configured AS ( SELECT id FROM attendance_groups WHERE id = ANY($1::uuid[]) AND academic_year_id = $2 ), assigned AS ( SELECT s.adm_no, s.name, p.standard, s.photo_url FROM configured g JOIN attendance_group_student"
[SLOW DB] 305ms params=3 sql="SELECT DISTINCT ON (sl.student_id) sl.student_id, sl.start_datetime, sl.end_datetime, sl.actual_return_datetime, sl.status FROM student_leaves sl WHERE sl.student_id = ANY($1::text[]) AND sl.start_datetime < $3::timestam"
[SLOW API] GET /api/attendance/students 304 967.8ms
[SLOW DB] 418ms params=3 sql="SELECT a.*, s.name as mentor_name, s.photo_url as mentor_photo, COALESCE(( SELECT jsonb_agg( jsonb_build_object( 'id', ag.id, 'department', ag.department, 'standard', ag.standard, 'division', ag.division, 'mentor_id', ag"
[SLOW DB] 274ms params=2 sql="WITH configured AS ( SELECT id, department, standard FROM attendance_groups WHERE academic_year_id = $2 AND mentor_id = $1 ), assigned AS ( SELECT gs.student_id, c.department, c.standard FROM configured c JOIN attendance"
[SLOW API] GET /api/dashboard/staff 200 825.9ms
[SLOW DB] 297ms params=3 sql="SELECT hl.*, st.name as recorded_by_name FROM hifz_logs hl LEFT JOIN staff st ON hl.usthad_id = st.id WHERE 1=1 AND entry_date >= $1 AND entry_date <= $2 AND student_id = $3 ORDER BY entry_date DESC"
[SLOW DB] 287ms params=2 sql="SELECT hl.*, st.name as recorded_by_name FROM hifz_logs hl LEFT JOIN staff st ON hl.usthad_id = st.id WHERE 1=1 AND student_id = $1 AND mode = $2 ORDER BY entry_date DESC"
[SLOW DB] 297ms params=3 sql="SELECT student_id, session_id, class_event_id, status, date, department FROM attendance WHERE 1=1 AND date >= $1 AND date <= $2 AND department = $3"
[SLOW DB] 291ms params=3 sql="SELECT student_id, session_id, class_event_id, status, date, department FROM attendance WHERE 1=1 AND date >= $1 AND date <= $2 AND department = $3"
[SLOW DB] 288ms params=3 sql="SELECT hl.*, st.name as recorded_by_name FROM hifz_logs hl LEFT JOIN staff st ON hl.usthad_id = st.id WHERE 1=1 AND entry_date >= $1 AND entry_date <= $2 AND student_id = $3 ORDER BY entry_date DESC"
[SLOW DB] 288ms params=2 sql="SELECT hl.*, st.name as recorded_by_name FROM hifz_logs hl LEFT JOIN staff st ON hl.usthad_id = st.id WHERE 1=1 AND student_id = $1 AND mode = $2 ORDER BY entry_date DESC"
[SLOW DB] 330ms params=0 sql="SELECT id FROM academic_years WHERE is_current = true ORDER BY start_date DESC LIMIT 1"
[SLOW DB] 545ms params=3 sql="SELECT adm_no, name, dob, standard, batch_year, phone, email, father_name, photo_url, status, gender, admission_date AS admission_date, admission_date AS date_of_join, place, hifz_mentor_id, school_mentor_id, madrasa_men"
[SLOW DB] 306ms params=2 sql="SELECT student_id, academic_year_id, school_standard, school_section, madrasa_standard, madrasa_section, hifz_mentor_id, status FROM student_year_snapshots WHERE academic_year_id = $1 AND student_id = ANY($2::text[])"
[SLOW API] GET /api/students 304 1239.8ms
[SLOW DB] 293ms params=2 sql="SELECT hl.*, st.name as recorded_by_name FROM hifz_logs hl LEFT JOIN staff st ON hl.usthad_id = st.id WHERE 1=1 AND student_id = $1 AND mode = $2 ORDER BY entry_date DESC"
[SLOW DB] 335ms params=3 sql="SELECT student_id, session_id, class_event_id, status, date, department FROM attendance WHERE 1=1 AND date >= $1 AND date <= $2 AND department = $3"
[SLOW DB] 273ms params=2 sql="SELECT hl.*, st.name as recorded_by_name FROM hifz_logs hl LEFT JOIN staff st ON hl.usthad_id = st.id WHERE 1=1 AND student_id = $1 AND mode = $2 ORDER BY entry_date DESC"
[SLOW DB] 276ms params=3 sql="SELECT student_id, session_id, class_event_id, status, date, department FROM attendance WHERE 1=1 AND date >= $1 AND date <= $2 AND department = $3"
[SLOW DB] 282ms params=3 sql="SELECT hl.*, st.name as recorded_by_name FROM hifz_logs hl LEFT JOIN staff st ON hl.usthad_id = st.id WHERE 1=1 AND entry_date >= $1 AND entry_date <= $2 AND student_id = $3 ORDER BY entry_date DESC"
[SLOW DB] 255ms params=3 sql="SELECT hl.*, st.name as recorded_by_name FROM hifz_logs hl LEFT JOIN staff st ON hl.usthad_id = st.id WHERE 1=1 AND entry_date >= $1 AND entry_date <= $2 AND student_id = $3 ORDER BY entry_date DESC"
[SLOW DB] 253ms params=2 sql="SELECT hl.*, st.name as recorded_by_name FROM hifz_logs hl LEFT JOIN staff st ON hl.usthad_id = st.id WHERE 1=1 AND student_id = $1 AND mode = $2 ORDER BY entry_date DESC"
[SLOW DB] 255ms params=3 sql="SELECT student_id, session_id, class_event_id, status, date, department FROM attendance WHERE 1=1 AND date >= $1 AND date <= $2 AND department = $3"
[SLOW DB] 262ms params=3 sql="SELECT student_id, session_id, class_event_id, status, date, department FROM attendance WHERE 1=1 AND date >= $1 AND date <= $2 AND department = $3"
[SLOW DB] 264ms params=3 sql="SELECT hl.*, st.name as recorded_by_name FROM hifz_logs hl LEFT JOIN staff st ON hl.usthad_id = st.id WHERE 1=1 AND entry_date >= $1 AND entry_date <= $2 AND student_id = $3 ORDER BY entry_date DESC"
[SLOW DB] 262ms params=2 sql="SELECT hl.*, st.name as recorded_by_name FROM hifz_logs hl LEFT JOIN staff st ON hl.usthad_id = st.id WHERE 1=1 AND student_id = $1 AND mode = $2 ORDER BY entry_date DESC"
[SLOW DB] 335ms params=2 sql="SELECT hl.*, st.name as recorded_by_name FROM hifz_logs hl LEFT JOIN staff st ON hl.usthad_id = st.id WHERE 1=1 AND student_id = $1 AND mode = $2 ORDER BY entry_date DESC"
[SLOW DB] 337ms params=3 sql="SELECT student_id, session_id, class_event_id, status, date, department FROM attendance WHERE 1=1 AND date >= $1 AND date <= $2 AND department = $3"
[SLOW DB] 339ms params=3 sql="SELECT hl.*, st.name as recorded_by_name FROM hifz_logs hl LEFT JOIN staff st ON hl.usthad_id = st.id WHERE 1=1 AND entry_date >= $1 AND entry_date <= $2 AND student_id = $3 ORDER BY entry_date DESC"
[SLOW DB] 427ms params=2 sql="SELECT hl.*, st.name as recorded_by_name FROM hifz_logs hl LEFT JOIN staff st ON hl.usthad_id = st.id WHERE 1=1 AND student_id = $1 AND mode = $2 ORDER BY entry_date DESC"
[SLOW DB] 331ms params=2 sql="SELECT hl.*, st.name as recorded_by_name FROM hifz_logs hl LEFT JOIN staff st ON hl.usthad_id = st.id WHERE 1=1 AND student_id = $1 AND mode = $2 ORDER BY entry_date DESC"
